Determining if the pthread_create exist failed with the following output:
Change Dir: /users/stud/bechtelt/CP3/cg_test/build/CMakeFiles/CMakeTmp

Run Build Command:"/usr/bin/make" "cmTC_c081f/fast"
/usr/bin/make -f CMakeFiles/cmTC_c081f.dir/build.make CMakeFiles/cmTC_c081f.dir/build
make[1]: Entering directory '/users/stud/bechtelt/CP3/cg_test/build/CMakeFiles/CMakeTmp'
Building C object CMakeFiles/cmTC_c081f.dir/CheckSymbolExists.c.o
/usr/bin/gcc   -fPIC    -o CMakeFiles/cmTC_c081f.dir/CheckSymbolExists.c.o   -c /users/stud/bechtelt/CP3/cg_test/build/CMakeFiles/CMakeTmp/CheckSymbolExists.c
Linking C executable cmTC_c081f
/usr/bin/cmake -E cmake_link_script CMakeFiles/cmTC_c081f.dir/link.txt --verbose=1
/usr/bin/gcc -fPIC     -rdynamic CMakeFiles/cmTC_c081f.dir/CheckSymbolExists.c.o  -o cmTC_c081f 
/usr/bin/ld: CMakeFiles/cmTC_c081f.dir/CheckSymbolExists.c.o: in function `main':
CheckSymbolExists.c:(.text+0x1b): undefined reference to `pthread_create'
collect2: error: ld returned 1 exit status
make[1]: *** [CMakeFiles/cmTC_c081f.dir/build.make:87: cmTC_c081f] Error 1
make[1]: Leaving directory '/users/stud/bechtelt/CP3/cg_test/build/CMakeFiles/CMakeTmp'
make: *** [Makefile:121: cmTC_c081f/fast] Error 2

File /users/stud/bechtelt/CP3/cg_test/build/CMakeFiles/CMakeTmp/CheckSymbolExists.c:
/* */
#include <pthread.h>

int main(int argc, char** argv)
{
  (void)argv;
#ifndef pthread_create
  return ((int*)(&pthread_create))[argc];
#else
  (void)argc;
  return 0;
#endif
}

Determining if the function pthread_create exists in the pthreads failed with the following output:
Change Dir: /users/stud/bechtelt/CP3/cg_test/build/CMakeFiles/CMakeTmp

Run Build Command:"/usr/bin/make" "cmTC_c87b5/fast"
/usr/bin/make -f CMakeFiles/cmTC_c87b5.dir/build.make CMakeFiles/cmTC_c87b5.dir/build
make[1]: Entering directory '/users/stud/bechtelt/CP3/cg_test/build/CMakeFiles/CMakeTmp'
Building C object CMakeFiles/cmTC_c87b5.dir/CheckFunctionExists.c.o
/usr/bin/gcc   -fPIC -DCHECK_FUNCTION_EXISTS=pthread_create   -o CMakeFiles/cmTC_c87b5.dir/CheckFunctionExists.c.o   -c /usr/share/cmake-3.13/Modules/CheckFunctionExists.c
Linking C executable cmTC_c87b5
/usr/bin/cmake -E cmake_link_script CMakeFiles/cmTC_c87b5.dir/link.txt --verbose=1
/usr/bin/gcc -fPIC -DCHECK_FUNCTION_EXISTS=pthread_create    -rdynamic CMakeFiles/cmTC_c87b5.dir/CheckFunctionExists.c.o  -o cmTC_c87b5 -lpthreads 
/usr/bin/ld: cannot find -lpthreads
collect2: error: ld returned 1 exit status
make[1]: *** [CMakeFiles/cmTC_c87b5.dir/build.make:87: cmTC_c87b5] Error 1
make[1]: Leaving directory '/users/stud/bechtelt/CP3/cg_test/build/CMakeFiles/CMakeTmp'
make: *** [Makefile:121: cmTC_c87b5/fast] Error 2


